Dec 04, 2019 7:47:37 PM edu.neu.csye6200.ui.CAApp lambda$getNorthPanel$1
INFO: Max duration : 12
Dec 04, 2019 7:47:37 PM edu.neu.csye6200.ui.CAApp lambda$getNorthPanel$1
INFO: Rules: Rule 3
Dec 04, 2019 7:47:37 PM edu.neu.csye6200.ca.Simulation run
INFO: Simulation thread started
Dec 04, 2019 7:47:37 PM edu.neu.csye6200.ui.CAApp lambda$getNorthPanel$1
INFO: start button clicked
Dec 04, 2019 7:47:37 PM edu.neu.csye6200.ca.Simulation growth
INFO: Rule : Rule 3
Dec 04, 2019 7:47:37 PM edu.neu.csye6200.ca.Simulation growth
INFO: Generation : 12
Dec 04, 2019 7:47:37 PM edu.neu.csye6200.ca.Simulation growth
INFO: 1th gen
Dec 04, 2019 7:47:38 PM edu.neu.csye6200.ca.Simulation growth
INFO: 2th gen
Dec 04, 2019 7:47:39 PM edu.neu.csye6200.ca.Simulation growth
INFO: 3th gen
Dec 04, 2019 7:47:40 PM edu.neu.csye6200.ca.Simulation growth
INFO: 4th gen
Dec 04, 2019 7:47:41 PM edu.neu.csye6200.ca.Simulation growth
INFO: 5th gen
Dec 04, 2019 7:47:42 PM edu.neu.csye6200.ca.Simulation growth
INFO: 6th gen
Dec 04, 2019 7:47:43 PM edu.neu.csye6200.ca.Simulation growth
INFO: 7th gen
Dec 04, 2019 7:47:44 PM edu.neu.csye6200.ca.Simulation growth
INFO: 8th gen
Dec 04, 2019 7:47:45 PM edu.neu.csye6200.ca.Simulation growth
INFO: 9th gen
Dec 04, 2019 7:47:46 PM edu.neu.csye6200.ca.Simulation growth
INFO: 10th gen
Dec 04, 2019 7:47:47 PM edu.neu.csye6200.ca.Simulation growth
INFO: 11th gen
Dec 04, 2019 7:47:48 PM edu.neu.csye6200.ca.Simulation growth
INFO: 12th gen
Dec 04, 2019 7:47:49 PM edu.neu.csye6200.ca.Simulation growth
INFO: Rule : Rule 3
Dec 04, 2019 7:47:49 PM edu.neu.csye6200.ca.Simulation growth
INFO: Generation : 12
Dec 04, 2019 7:47:49 PM edu.neu.csye6200.ca.Simulation growth
INFO: 1th gen
Dec 04, 2019 7:47:50 PM edu.neu.csye6200.ca.Simulation growth
INFO: 2th gen
Dec 04, 2019 7:47:51 PM edu.neu.csye6200.ca.Simulation growth
INFO: 3th gen
Dec 04, 2019 7:47:52 PM edu.neu.csye6200.ca.Simulation growth
INFO: 4th gen
Dec 04, 2019 7:47:53 PM edu.neu.csye6200.ca.Simulation growth
INFO: 5th gen
Dec 04, 2019 7:47:54 PM edu.neu.csye6200.ui.CAApp lambda$getNorthPanel$2
INFO: stop button clicked
Dec 04, 2019 7:47:54 PM edu.neu.csye6200.ca.Simulation run
INFO: Simulation thread stopped
Dec 04, 2019 7:48:00 PM edu.neu.csye6200.ui.CAApp lambda$getNorthPanel$1
INFO: Max duration : 12
Dec 04, 2019 7:48:00 PM edu.neu.csye6200.ui.CAApp lambda$getNorthPanel$1
INFO: Rules: Rule 2
Dec 04, 2019 7:48:00 PM edu.neu.csye6200.ca.Simulation run
INFO: Simulation thread started
Dec 04, 2019 7:48:00 PM edu.neu.csye6200.ui.CAApp lambda$getNorthPanel$1
INFO: start button clicked
Dec 04, 2019 7:48:00 PM edu.neu.csye6200.ca.Simulation growth
INFO: Rule : Rule 2
Dec 04, 2019 7:48:00 PM edu.neu.csye6200.ca.Simulation growth
INFO: Generation : 12
Dec 04, 2019 7:48:00 PM edu.neu.csye6200.ca.Simulation growth
INFO: 1th gen
Dec 04, 2019 7:48:01 PM edu.neu.csye6200.ca.Simulation growth
INFO: 2th gen
Dec 04, 2019 7:48:02 PM edu.neu.csye6200.ca.Simulation growth
INFO: 3th gen
Dec 04, 2019 7:48:03 PM edu.neu.csye6200.ca.Simulation growth
INFO: 4th gen
Dec 04, 2019 7:48:04 PM edu.neu.csye6200.ca.Simulation growth
INFO: 5th gen
Dec 04, 2019 7:48:05 PM edu.neu.csye6200.ca.Simulation growth
INFO: 6th gen
Dec 04, 2019 7:48:06 PM edu.neu.csye6200.ca.Simulation growth
INFO: 7th gen
Dec 04, 2019 7:48:07 PM edu.neu.csye6200.ca.Simulation growth
INFO: 8th gen
Dec 04, 2019 7:48:08 PM edu.neu.csye6200.ca.Simulation growth
INFO: 9th gen
Dec 04, 2019 7:48:09 PM edu.neu.csye6200.ca.Simulation growth
INFO: 10th gen
Dec 04, 2019 7:48:10 PM edu.neu.csye6200.ca.Simulation growth
INFO: 11th gen
Dec 04, 2019 7:48:11 PM edu.neu.csye6200.ca.Simulation growth
INFO: 12th gen
Dec 04, 2019 7:48:12 PM edu.neu.csye6200.ca.Simulation growth
INFO: Rule : Rule 2
Dec 04, 2019 7:48:12 PM edu.neu.csye6200.ca.Simulation growth
INFO: Generation : 12
Dec 04, 2019 7:48:12 PM edu.neu.csye6200.ca.Simulation growth
INFO: 1th gen
Dec 04, 2019 7:48:13 PM edu.neu.csye6200.ca.Simulation growth
INFO: 2th gen
Dec 04, 2019 7:48:14 PM edu.neu.csye6200.ca.Simulation growth
INFO: 3th gen
Dec 04, 2019 7:48:15 PM edu.neu.csye6200.ui.CAApp lambda$getNorthPanel$2
INFO: stop button clicked
Dec 04, 2019 7:48:15 PM edu.neu.csye6200.ca.Simulation run
INFO: Simulation thread stopped
Dec 04, 2019 7:48:19 PM edu.neu.csye6200.ui.CAApp lambda$getNorthPanel$1
INFO: Max duration : 12
Dec 04, 2019 7:48:19 PM edu.neu.csye6200.ui.CAApp lambda$getNorthPanel$1
INFO: Rules: Rule 1
Dec 04, 2019 7:48:19 PM edu.neu.csye6200.ca.Simulation run
INFO: Simulation thread started
Dec 04, 2019 7:48:19 PM edu.neu.csye6200.ui.CAApp lambda$getNorthPanel$1
INFO: start button clicked
Dec 04, 2019 7:48:19 PM edu.neu.csye6200.ca.Simulation growth
INFO: Rule : Rule 1
Dec 04, 2019 7:48:19 PM edu.neu.csye6200.ca.Simulation growth
INFO: Generation : 12
Dec 04, 2019 7:48:19 PM edu.neu.csye6200.ca.Simulation growth
INFO: 1th gen
Dec 04, 2019 7:48:20 PM edu.neu.csye6200.ca.Simulation growth
INFO: 2th gen
Dec 04, 2019 7:48:21 PM edu.neu.csye6200.ca.Simulation growth
INFO: 3th gen
Dec 04, 2019 7:48:22 PM edu.neu.csye6200.ca.Simulation growth
INFO: 4th gen
Dec 04, 2019 7:48:23 PM edu.neu.csye6200.ca.Simulation growth
INFO: 5th gen
Dec 04, 2019 7:48:24 PM edu.neu.csye6200.ca.Simulation growth
INFO: 6th gen
Dec 04, 2019 7:48:25 PM edu.neu.csye6200.ca.Simulation growth
INFO: 7th gen
Dec 04, 2019 7:48:26 PM edu.neu.csye6200.ca.Simulation growth
INFO: 8th gen
Dec 04, 2019 7:48:27 PM edu.neu.csye6200.ca.Simulation growth
INFO: 9th gen
Dec 04, 2019 7:48:28 PM edu.neu.csye6200.ca.Simulation growth
INFO: 10th gen
Dec 04, 2019 7:48:29 PM edu.neu.csye6200.ca.Simulation growth
INFO: 11th gen
Dec 04, 2019 7:48:29 PM edu.neu.csye6200.ui.CAApp lambda$getNorthPanel$2
INFO: stop button clicked
Dec 04, 2019 7:48:30 PM edu.neu.csye6200.ca.Simulation run
INFO: Simulation thread stopped
Dec 04, 2019 7:49:22 PM edu.neu.csye6200.ui.CAApp lambda$getNorthPanel$1
INFO: Max duration : 10
Dec 04, 2019 7:49:22 PM edu.neu.csye6200.ui.CAApp lambda$getNorthPanel$1
INFO: Rules: Rule 1
Dec 04, 2019 7:49:22 PM edu.neu.csye6200.ca.Simulation run
INFO: Simulation thread started
Dec 04, 2019 7:49:22 PM edu.neu.csye6200.ui.CAApp lambda$getNorthPanel$1
INFO: start button clicked
Dec 04, 2019 7:49:22 PM edu.neu.csye6200.ca.Simulation growth
INFO: Rule : Rule 1
Dec 04, 2019 7:49:22 PM edu.neu.csye6200.ca.Simulation growth
INFO: Generation : 10
Dec 04, 2019 7:49:22 PM edu.neu.csye6200.ca.Simulation growth
INFO: 1th gen
Dec 04, 2019 7:49:23 PM edu.neu.csye6200.ca.Simulation growth
INFO: 2th gen
Dec 04, 2019 7:49:24 PM edu.neu.csye6200.ca.Simulation growth
INFO: 3th gen
Dec 04, 2019 7:49:25 PM edu.neu.csye6200.ca.Simulation growth
INFO: 4th gen
Dec 04, 2019 7:49:26 PM edu.neu.csye6200.ca.Simulation growth
INFO: 5th gen
Dec 04, 2019 7:49:27 PM edu.neu.csye6200.ca.Simulation growth
INFO: 6th gen
Dec 04, 2019 7:49:28 PM edu.neu.csye6200.ca.Simulation growth
INFO: 7th gen
Dec 04, 2019 7:49:29 PM edu.neu.csye6200.ca.Simulation growth
INFO: 8th gen
Dec 04, 2019 7:49:30 PM edu.neu.csye6200.ca.Simulation growth
INFO: 9th gen
Dec 04, 2019 7:49:31 PM edu.neu.csye6200.ca.Simulation growth
INFO: 10th gen
Dec 04, 2019 7:49:32 PM edu.neu.csye6200.ca.Simulation growth
INFO: Rule : Rule 1
Dec 04, 2019 7:49:32 PM edu.neu.csye6200.ca.Simulation growth
INFO: Generation : 10
Dec 04, 2019 7:49:32 PM edu.neu.csye6200.ca.Simulation growth
INFO: 1th gen
Dec 04, 2019 7:49:33 PM edu.neu.csye6200.ca.Simulation growth
INFO: 2th gen
Dec 04, 2019 7:49:34 PM edu.neu.csye6200.ca.Simulation growth
INFO: 3th gen
Dec 04, 2019 7:49:35 PM edu.neu.csye6200.ca.Simulation growth
INFO: 4th gen
Dec 04, 2019 7:49:36 PM edu.neu.csye6200.ca.Simulation growth
INFO: 5th gen
Dec 04, 2019 7:49:37 PM edu.neu.csye6200.ca.Simulation growth
INFO: 6th gen
Dec 04, 2019 7:49:38 PM edu.neu.csye6200.ca.Simulation growth
INFO: 7th gen
Dec 04, 2019 7:49:39 PM edu.neu.csye6200.ca.Simulation growth
INFO: 8th gen
Dec 04, 2019 7:49:40 PM edu.neu.csye6200.ca.Simulation growth
INFO: 9th gen
Dec 04, 2019 7:49:41 PM edu.neu.csye6200.ca.Simulation growth
INFO: 10th gen
Dec 04, 2019 7:49:42 PM edu.neu.csye6200.ca.Simulation growth
INFO: Rule : Rule 1
Dec 04, 2019 7:49:42 PM edu.neu.csye6200.ca.Simulation growth
INFO: Generation : 10
Dec 04, 2019 7:49:42 PM edu.neu.csye6200.ca.Simulation growth
INFO: 1th gen
Dec 04, 2019 7:49:43 PM edu.neu.csye6200.ca.Simulation growth
INFO: 2th gen
Dec 04, 2019 7:49:44 PM edu.neu.csye6200.ca.Simulation growth
INFO: 3th gen
Dec 04, 2019 7:49:45 PM edu.neu.csye6200.ca.Simulation growth
INFO: 4th gen
Dec 04, 2019 7:49:46 PM edu.neu.csye6200.ca.Simulation growth
INFO: 5th gen
Dec 04, 2019 7:49:47 PM edu.neu.csye6200.ca.Simulation growth
INFO: 6th gen
Dec 04, 2019 7:49:48 PM edu.neu.csye6200.ca.Simulation growth
INFO: 7th gen
Dec 04, 2019 7:49:48 PM edu.neu.csye6200.ui.CAApp lambda$getNorthPanel$2
INFO: stop button clicked
Dec 04, 2019 7:49:49 PM edu.neu.csye6200.ca.Simulation run
INFO: Simulation thread stopped
